mode: set
github/ibadi-id/ecommerce/pkg/adapter/repository/with_transactional_mutation.go:10.65,12.2 1 1
github/ibadi-id/ecommerce/pkg/adapter/repository/customer.go:15.75,17.2 1 1
github/ibadi-id/ecommerce/pkg/adapter/repository/customer.go:19.89,21.16 2 1
github/ibadi-id/ecommerce/pkg/adapter/repository/customer.go:24.2,24.15 1 1
github/ibadi-id/ecommerce/pkg/adapter/repository/customer.go:21.16,23.3 1 0
github/ibadi-id/ecommerce/pkg/adapter/repository/customer.go:27.83,29.16 2 1
github/ibadi-id/ecommerce/pkg/adapter/repository/customer.go:32.2,32.15 1 1
github/ibadi-id/ecommerce/pkg/adapter/repository/customer.go:29.16,31.3 1 0
github/ibadi-id/ecommerce/pkg/adapter/repository/customer.go:35.116,37.16 2 1
github/ibadi-id/ecommerce/pkg/adapter/repository/customer.go:40.2,40.15 1 1
github/ibadi-id/ecommerce/pkg/adapter/repository/customer.go:37.16,39.3 1 0
github/ibadi-id/ecommerce/pkg/adapter/repository/customer.go:43.116,45.16 2 1
github/ibadi-id/ecommerce/pkg/adapter/repository/customer.go:48.2,48.15 1 1
github/ibadi-id/ecommerce/pkg/adapter/repository/customer.go:45.16,47.3 1 0
github/ibadi-id/ecommerce/pkg/adapter/repository/order.go:16.69,18.2 1 1
github/ibadi-id/ecommerce/pkg/adapter/repository/order.go:20.83,22.16 2 1
github/ibadi-id/ecommerce/pkg/adapter/repository/order.go:25.2,25.15 1 1
github/ibadi-id/ecommerce/pkg/adapter/repository/order.go:22.16,24.3 1 0
github/ibadi-id/ecommerce/pkg/adapter/repository/order.go:28.92,30.16 2 0
github/ibadi-id/ecommerce/pkg/adapter/repository/order.go:33.2,33.15 1 0
github/ibadi-id/ecommerce/pkg/adapter/repository/order.go:30.16,32.3 1 0
github/ibadi-id/ecommerce/pkg/adapter/repository/order.go:36.77,38.16 2 1
github/ibadi-id/ecommerce/pkg/adapter/repository/order.go:41.2,41.15 1 1
github/ibadi-id/ecommerce/pkg/adapter/repository/order.go:38.16,40.3 1 0
github/ibadi-id/ecommerce/pkg/adapter/repository/order.go:44.144,46.19 2 1
github/ibadi-id/ecommerce/pkg/adapter/repository/order.go:49.2,53.16 2 1
github/ibadi-id/ecommerce/pkg/adapter/repository/order.go:57.2,57.26 1 1
github/ibadi-id/ecommerce/pkg/adapter/repository/order.go:70.2,70.15 1 1
github/ibadi-id/ecommerce/pkg/adapter/repository/order.go:46.19,48.3 1 1
github/ibadi-id/ecommerce/pkg/adapter/repository/order.go:53.16,55.3 1 0
github/ibadi-id/ecommerce/pkg/adapter/repository/order.go:57.26,65.17 2 1
github/ibadi-id/ecommerce/pkg/adapter/repository/order.go:65.17,67.4 1 0
github/ibadi-id/ecommerce/pkg/adapter/repository/order.go:73.144,75.16 2 1
github/ibadi-id/ecommerce/pkg/adapter/repository/order.go:78.2,78.15 1 1
github/ibadi-id/ecommerce/pkg/adapter/repository/order.go:75.16,77.3 1 0
github/ibadi-id/ecommerce/pkg/adapter/repository/product.go:15.73,17.2 1 1
github/ibadi-id/ecommerce/pkg/adapter/repository/product.go:19.87,21.16 2 1
github/ibadi-id/ecommerce/pkg/adapter/repository/product.go:24.2,24.15 1 1
github/ibadi-id/ecommerce/pkg/adapter/repository/product.go:21.16,23.3 1 0
github/ibadi-id/ecommerce/pkg/adapter/repository/product.go:27.81,29.16 2 1
github/ibadi-id/ecommerce/pkg/adapter/repository/product.go:32.2,32.15 1 1
github/ibadi-id/ecommerce/pkg/adapter/repository/product.go:29.16,31.3 1 0
github/ibadi-id/ecommerce/pkg/adapter/repository/product.go:35.113,37.16 2 1
github/ibadi-id/ecommerce/pkg/adapter/repository/product.go:40.2,40.15 1 1
github/ibadi-id/ecommerce/pkg/adapter/repository/product.go:37.16,39.3 1 0
github/ibadi-id/ecommerce/pkg/adapter/repository/product.go:43.113,45.16 2 1
github/ibadi-id/ecommerce/pkg/adapter/repository/product.go:48.2,48.15 1 1
github/ibadi-id/ecommerce/pkg/adapter/repository/product.go:45.16,47.3 1 0
